\BOOKMARK [0][-]{chapter*.2}{Pengantar}{}% 1
\BOOKMARK [1][-]{section*.3}{Gambaran\040Isi\040Buku}{chapter*.2}% 2
\BOOKMARK [1][-]{section*.4}{Cara\040Berkontribusi\040dalam\040Buku\040Ini}{chapter*.2}% 3
\BOOKMARK [1][-]{section*.5}{Ucapan\040Terima\040Kasih}{chapter*.2}% 4
\BOOKMARK [1][-]{section*.6}{Lisensi}{chapter*.2}% 5
\BOOKMARK [0][-]{chapter.1}{Bahasa\040Pemrograman\040R}{}% 6
\BOOKMARK [1][-]{section.1.1}{Sejarah\040R}{chapter.1}% 7
\BOOKMARK [1][-]{section.1.2}{Fitur\040dan\040Karakteristik\040R}{chapter.1}% 8
\BOOKMARK [1][-]{section.1.3}{Kelebihan\040dan\040Kekurangan\040R}{chapter.1}% 9
\BOOKMARK [1][-]{section.1.4}{RStudio}{chapter.1}% 10
\BOOKMARK [1][-]{section.1.5}{Menginstall\040R\040dan\040RStudio}{chapter.1}% 11
\BOOKMARK [1][-]{section.1.6}{Working\040Directory}{chapter.1}% 12
\BOOKMARK [1][-]{section.1.7}{Memasang\040dan\040Mengaktifkan\040Paket\040R}{chapter.1}% 13
\BOOKMARK [1][-]{section.1.8}{Fasilitas\040Help}{chapter.1}% 14
\BOOKMARK [1][-]{section.1.9}{Referensi}{chapter.1}% 15
\BOOKMARK [0][-]{chapter.2}{Kalkulasi\040Menggunakan\040R}{}% 16
\BOOKMARK [1][-]{section.2.1}{Operator\040Aritmatik}{chapter.2}% 17
\BOOKMARK [1][-]{section.2.2}{Fungsi\040Aritmetik}{chapter.2}% 18
\BOOKMARK [1][-]{section.2.3}{Operator\040Relasi}{chapter.2}% 19
\BOOKMARK [1][-]{section.2.4}{Operator\040Logika}{chapter.2}% 20
\BOOKMARK [1][-]{section.2.5}{Memasukkan\040Nilai\040Kedalam\040Variabel}{chapter.2}% 21
\BOOKMARK [1][-]{section.2.6}{Tipe\040dan\040Struktur\040Data}{chapter.2}% 22
\BOOKMARK [1][-]{section.2.7}{Vektor}{chapter.2}% 23
\BOOKMARK [1][-]{section.2.8}{Matriks}{chapter.2}% 24
\BOOKMARK [1][-]{section.2.9}{Referensi}{chapter.2}% 25
\BOOKMARK [0][-]{chapter.3}{Visualisasi\040Data}{}% 26
\BOOKMARK [1][-]{section.3.1}{Visualisasi\040Data\040Menggunakan\040Fungsi\040plot\(\)}{chapter.3}% 27
\BOOKMARK [1][-]{section.3.2}{Visualisasi\040Lainnya}{chapter.3}% 28
\BOOKMARK [1][-]{section.3.3}{Kustomisasi\040Parameter\040Grafik}{chapter.3}% 29
\BOOKMARK [1][-]{section.3.4}{Plot\040Dua\040dan\040Tiga\040Dimensi}{chapter.3}% 30
\BOOKMARK [1][-]{section.3.5}{Referensi}{chapter.3}% 31
\BOOKMARK [0][-]{chapter.4}{Pemrograman\040dan\040Fungsi}{}% 32
\BOOKMARK [1][-]{section.4.1}{Loop}{chapter.4}% 33
\BOOKMARK [1][-]{section.4.2}{Loop\040Menggunakan\040Apply\040Family\040Function}{chapter.4}% 34
\BOOKMARK [1][-]{section.4.3}{Decision\040Making}{chapter.4}% 35
\BOOKMARK [1][-]{section.4.4}{Fungsi}{chapter.4}% 36
\BOOKMARK [1][-]{section.4.5}{Debugging}{chapter.4}% 37
\BOOKMARK [1][-]{section.4.6}{Referensi}{chapter.4}% 38
\BOOKMARK [0][-]{chapter.5}{Pengantar\040Metode\040Numerik}{}% 39
\BOOKMARK [1][-]{section.5.1}{Mengenal\040Metode\040Numerik}{chapter.5}% 40
\BOOKMARK [1][-]{section.5.2}{Akurasi\040dan\040Presisi}{chapter.5}% 41
\BOOKMARK [1][-]{section.5.3}{Error\040Numerik}{chapter.5}% 42
\BOOKMARK [1][-]{section.5.4}{Referensi}{chapter.5}% 43
\BOOKMARK [0][-]{chapter.6}{Aljabar\040Linier}{}% 44
\BOOKMARK [1][-]{section.6.1}{Vektor\040dan\040matriks}{chapter.6}% 45
\BOOKMARK [1][-]{section.6.2}{Operasi\040Baris\040Elementer}{chapter.6}% 46
\BOOKMARK [1][-]{section.6.3}{Eliminasi\040Gauss}{chapter.6}% 47
\BOOKMARK [1][-]{section.6.4}{Dekomposisi\040Matriks}{chapter.6}% 48
\BOOKMARK [1][-]{section.6.5}{Metode\040Iterasi}{chapter.6}% 49
\BOOKMARK [1][-]{section.6.6}{Studi\040Kasus}{chapter.6}% 50
\BOOKMARK [1][-]{section.6.7}{Referensi}{chapter.6}% 51
\BOOKMARK [1][-]{section.6.8}{Latihan}{chapter.6}% 52
\BOOKMARK [0][-]{chapter.7}{Akar\040Persamaan\040Non-Linier}{}% 53
\BOOKMARK [1][-]{section.7.1}{Metode\040Tertutup}{chapter.7}% 54
\BOOKMARK [1][-]{section.7.2}{Metode\040Terbuka}{chapter.7}% 55
\BOOKMARK [1][-]{section.7.3}{Penyelesaian\040Persamaan\040Non-Linier\040Menggunakan\040Fungsi\040uniroot\040dan\040uniroot.all}{chapter.7}% 56
\BOOKMARK [1][-]{section.7.4}{Akar\040Persamaan\040Polinomial\040Menggunakan\040Fungsi\040polyroot}{chapter.7}% 57
\BOOKMARK [1][-]{section.7.5}{Studi\040Kasus}{chapter.7}% 58
\BOOKMARK [1][-]{section.7.6}{Referensi}{chapter.7}% 59
\BOOKMARK [1][-]{section.7.7}{Latihan}{chapter.7}% 60
\BOOKMARK [0][-]{chapter.8}{Interpolasi\040dan\040Ekstrapolasi}{}% 61
\BOOKMARK [1][-]{section.8.1}{Interpolasi\040Polinomial}{chapter.8}% 62
\BOOKMARK [1][-]{section.8.2}{Interpolasi\040Piecewise}{chapter.8}% 63
\BOOKMARK [1][-]{section.8.3}{Studi\040Kasus}{chapter.8}% 64
\BOOKMARK [1][-]{section.8.4}{Referensi}{chapter.8}% 65
\BOOKMARK [1][-]{section.8.5}{Latihan}{chapter.8}% 66
\BOOKMARK [0][-]{chapter.9}{Diferensiasi\040dan\040Integrasi\040Numerik}{}% 67
\BOOKMARK [1][-]{section.9.1}{Metode\040Beda\040Hingga}{chapter.9}% 68
\BOOKMARK [1][-]{section.9.2}{Diferensiasi\040Menggunakan\040Fungsi\040Lainnya\040di\040R}{chapter.9}% 69
\BOOKMARK [1][-]{section.9.3}{Metode\040Integrasi\040Newton-Cotes}{chapter.9}% 70
\BOOKMARK [1][-]{section.9.4}{Metode\040Integrasi\040Newton-Cotes\040Mengunakan\040Fungsi\040Lainnya}{chapter.9}% 71
\BOOKMARK [1][-]{section.9.5}{Metode\040Kuadratur\040Gauss}{chapter.9}% 72
\BOOKMARK [1][-]{section.9.6}{Metode\040Gauss-Legendre\040Menggunakan\040Fungsi\040legendre.quadrature\(\)}{chapter.9}% 73
\BOOKMARK [1][-]{section.9.7}{Metode\040Integrasi\040Adaptif}{chapter.9}% 74
\BOOKMARK [1][-]{section.9.8}{Metode\040Integral\040Adaptif\040Menggunakan\040Fungsi\040Lainnya\040Pada\040R}{chapter.9}% 75
\BOOKMARK [1][-]{section.9.9}{Metode\040Integrasi\040Romberg}{chapter.9}% 76
\BOOKMARK [1][-]{section.9.10}{Metode\040Integrasi\040Romberg\040Menggunakan\040Fungsi\040Lainnya}{chapter.9}% 77
\BOOKMARK [1][-]{section.9.11}{Metode\040Integrasi\040Monte\040Carlo}{chapter.9}% 78
\BOOKMARK [1][-]{section.9.12}{Studi\040Kasus}{chapter.9}% 79
\BOOKMARK [1][-]{section.9.13}{Referensi}{chapter.9}% 80
\BOOKMARK [1][-]{section.9.14}{Latihan}{chapter.9}% 81
\BOOKMARK [0][-]{chapter.10}{Persamaan\040Diferensial}{}% 82
\BOOKMARK [1][-]{section.10.1}{Initial\040value\040problems}{chapter.10}% 83
\BOOKMARK [1][-]{section.10.2}{Sistem\040Persamaan\040Diferensial}{chapter.10}% 84
\BOOKMARK [1][-]{section.10.3}{Penyelesaian\040Persamaan\040Diferensial\040dan\040Sistem\040Persamaan\040Diferensial\040Menggunakan\040Fungsi\040ode\(\)}{chapter.10}% 85
\BOOKMARK [1][-]{section.10.4}{Persamaan\040Diferensial\040Parsial}{chapter.10}% 86
\BOOKMARK [1][-]{section.10.5}{Contoh\040Penerapan\040Paket\040ReacTran}{chapter.10}% 87
\BOOKMARK [1][-]{section.10.6}{Studi\040Kasus}{chapter.10}% 88
\BOOKMARK [1][-]{section.10.7}{Referensi}{chapter.10}% 89
\BOOKMARK [1][-]{section.10.8}{Latihan}{chapter.10}% 90
\BOOKMARK [0][-]{chapter.11}{Analisis\040Data}{}% 91
\BOOKMARK [1][-]{section.11.1}{Import\040Data}{chapter.11}% 92
\BOOKMARK [1][-]{section.11.2}{Membaca\040Data\040Dari\040Library}{chapter.11}% 93
\BOOKMARK [1][-]{section.11.3}{Ringkasan\040Data}{chapter.11}% 94
\BOOKMARK [1][-]{section.11.4}{Uji\040Normalitas\040Data\040Tunggal}{chapter.11}% 95
\BOOKMARK [1][-]{section.11.5}{Uji\040Rata-Rata\040Satu\040dan\040Dua\040Sampel}{chapter.11}% 96
\BOOKMARK [1][-]{section.11.6}{Korelasi\040Antar\040Variabel}{chapter.11}% 97
\BOOKMARK [1][-]{section.11.7}{Analisis\040Varians}{chapter.11}% 98
\BOOKMARK [1][-]{section.11.8}{Analisis\040Komponen\040Utama}{chapter.11}% 99
\BOOKMARK [1][-]{section.11.9}{Analisis\040Cluster}{chapter.11}% 100
\BOOKMARK [1][-]{section.11.10}{Referensi}{chapter.11}% 101
\BOOKMARK [0][-]{chapter.12}{Pemodelan\040Data}{}% 102
\BOOKMARK [1][-]{section.12.1}{Regresi\040Linier}{chapter.12}% 103
\BOOKMARK [1][-]{section.12.2}{Regresi\040Logistik}{chapter.12}% 104
\BOOKMARK [1][-]{section.12.3}{Referensi}{chapter.12}% 105
